Determining if the pthread_create exist failed with the following output:
Change Dir: /home/mahrous/catkin_ws/build/CMakeFiles/CMakeTmp

Run Build Command:"/usr/bin/make" "cmTC_3cbda/fast"
/usr/bin/make -f CMakeFiles/cmTC_3cbda.dir/build.make CMakeFiles/cmTC_3cbda.dir/build
make[1]: Entering directory '/home/mahrous/catkin_ws/build/CMakeFiles/CMakeTmp'
Building C object CMakeFiles/cmTC_3cbda.dir/CheckSymbolExists.c.o
/usr/bin/cc     -o CMakeFiles/cmTC_3cbda.dir/CheckSymbolExists.c.o   -c /home/mahrous/catkin_ws/build/CMakeFiles/CMakeTmp/CheckSymbolExists.c
Linking C executable cmTC_3cbda
/usr/bin/cmake -E cmake_link_script CMakeFiles/cmTC_3cbda.dir/link.txt --verbose=1
/usr/bin/cc       CMakeFiles/cmTC_3cbda.dir/CheckSymbolExists.c.o  -o cmTC_3cbda -rdynamic 
CMakeFiles/cmTC_3cbda.dir/CheckSymbolExists.c.o: In function `main':
CheckSymbolExists.c:(.text+0x16): undefined reference to `pthread_create'
collect2: error: ld returned 1 exit status
CMakeFiles/cmTC_3cbda.dir/build.make:97: recipe for target 'cmTC_3cbda' failed
make[1]: *** [cmTC_3cbda] Error 1
make[1]: Leaving directory '/home/mahrous/catkin_ws/build/CMakeFiles/CMakeTmp'
Makefile:126: recipe for target 'cmTC_3cbda/fast' failed
make: *** [cmTC_3cbda/fast] Error 2

File /home/mahrous/catkin_ws/build/CMakeFiles/CMakeTmp/CheckSymbolExists.c:
/* */
#include <pthread.h>

int main(int argc, char** argv)
{
  (void)argv;
#ifndef pthread_create
  return ((int*)(&pthread_create))[argc];
#else
  (void)argc;
  return 0;
#endif
}

Determining if the function pthread_create exists in the pthreads failed with the following output:
Change Dir: /home/mahrous/catkin_ws/build/CMakeFiles/CMakeTmp

Run Build Command:"/usr/bin/make" "cmTC_622dd/fast"
/usr/bin/make -f CMakeFiles/cmTC_622dd.dir/build.make CMakeFiles/cmTC_622dd.dir/build
make[1]: Entering directory '/home/mahrous/catkin_ws/build/CMakeFiles/CMakeTmp'
Building C object CMakeFiles/cmTC_622dd.dir/CheckFunctionExists.c.o
/usr/bin/cc    -DCHECK_FUNCTION_EXISTS=pthread_create   -o CMakeFiles/cmTC_622dd.dir/CheckFunctionExists.c.o   -c /usr/share/cmake-3.5/Modules/CheckFunctionExists.c
Linking C executable cmTC_622dd
/usr/bin/cmake -E cmake_link_script CMakeFiles/cmTC_622dd.dir/link.txt --verbose=1
/usr/bin/cc   -DCHECK_FUNCTION_EXISTS=pthread_create    CMakeFiles/cmTC_622dd.dir/CheckFunctionExists.c.o  -o cmTC_622dd -rdynamic -lpthreads 
/usr/bin/ld: cannot find -lpthreads
collect2: error: ld returned 1 exit status
CMakeFiles/cmTC_622dd.dir/build.make:97: recipe for target 'cmTC_622dd' failed
make[1]: *** [cmTC_622dd] Error 1
make[1]: Leaving directory '/home/mahrous/catkin_ws/build/CMakeFiles/CMakeTmp'
Makefile:126: recipe for target 'cmTC_622dd/fast' failed
make: *** [cmTC_622dd/fast] Error 2


